0 info it worked if it ends with ok
1 verbose cli [ '/usr/bin/node', '/usr/bin/npm', 'i', '-g', 'bower' ]
2 info using npm@3.5.2
3 info using node@v6.11.4
4 silly loadCurrentTree Starting
5 silly install loadCurrentTree
6 silly install readGlobalPackageData
7 silly fetchPackageMetaData bower
8 silly fetchNamedPackageData bower
9 silly mapToRegistry name bower
10 silly mapToRegistry using default registry
11 silly mapToRegistry registry https://registry.npmjs.org/
12 silly mapToRegistry uri https://registry.npmjs.org/bower
13 verbose request uri https://registry.npmjs.org/bower
14 verbose request no auth needed
15 info attempt registry request try #1 at 1:41:40 PM
16 verbose request id 06f4802dd28a786c
17 verbose etag "59f6fd0f-30039"
18 verbose lastModified Mon, 30 Oct 2017 10:21:03 GMT
19 http request GET https://registry.npmjs.org/bower
20 http 200 https://registry.npmjs.org/bower
21 verbose headers { 'content-type': 'application/json; charset=UTF-8',
21 verbose headers   server: 'UploadServer',
21 verbose headers   'cache-control': 'max-age=300',
21 verbose headers   'last-modified': 'Wed, 28 Mar 2018 19:05:57 GMT',
21 verbose headers   etag: '"5abbe795-36a1c"',
21 verbose headers   'x-npm-region': 'SA-South',
21 verbose headers   'content-encoding': 'gzip',
21 verbose headers   'content-length': '18724',
21 verbose headers   'accept-ranges': 'bytes',
21 verbose headers   date: 'Mon, 02 Apr 2018 16:41:41 GMT',
21 verbose headers   via: '1.1 varnish',
21 verbose headers   age: '1056',
21 verbose headers   connection: 'keep-alive',
21 verbose headers   'x-served-by': 'cache-scl19422-SCL',
21 verbose headers   'x-cache': 'HIT',
21 verbose headers   'x-cache-hits': '4',
21 verbose headers   'x-timer': 'S1522687302.897993,VS0,VE0',
21 verbose headers   vary: 'Accept-Encoding, Accept' }
22 silly get cb [ 200,
22 silly get   { 'content-type': 'application/json; charset=UTF-8',
22 silly get     server: 'UploadServer',
22 silly get     'cache-control': 'max-age=300',
22 silly get     'last-modified': 'Wed, 28 Mar 2018 19:05:57 GMT',
22 silly get     etag: '"5abbe795-36a1c"',
22 silly get     'x-npm-region': 'SA-South',
22 silly get     'content-encoding': 'gzip',
22 silly get     'content-length': '18724',
22 silly get     'accept-ranges': 'bytes',
22 silly get     date: 'Mon, 02 Apr 2018 16:41:41 GMT',
22 silly get     via: '1.1 varnish',
22 silly get     age: '1056',
22 silly get     connection: 'keep-alive',
22 silly get     'x-served-by': 'cache-scl19422-SCL',
22 silly get     'x-cache': 'HIT',
22 silly get     'x-cache-hits': '4',
22 silly get     'x-timer': 'S1522687302.897993,VS0,VE0',
22 silly get     vary: 'Accept-Encoding, Accept' } ]
23 verbose get saving bower to /home/alvaro/.npm/registry.npmjs.org/bower/.cache.json
24 silly install normalizeTree
25 silly loadCurrentTree Finishing
26 silly loadIdealTree Starting
27 silly install loadIdealTree
28 silly cloneCurrentTree Starting
29 silly install cloneCurrentTreeToIdealTree
30 silly cloneCurrentTree Finishing
31 silly loadShrinkwrap Starting
32 silly install loadShrinkwrap
33 silly loadShrinkwrap Finishing
34 silly loadAllDepsIntoIdealTree Starting
35 silly install loadAllDepsIntoIdealTree
36 silly resolveWithNewModule bower@1.8.4 checking installable status
37 silly cache add args [ 'bower', null ]
38 verbose cache add spec bower
39 silly cache add parsed spec Result {
39 silly cache add   raw: 'bower',
39 silly cache add   scope: null,
39 silly cache add   name: 'bower',
39 silly cache add   rawSpec: '',
39 silly cache add   spec: 'latest',
39 silly cache add   type: 'tag' }
40 silly addNamed bower@latest
41 verbose addNamed "latest" is being treated as a dist-tag for bower
42 info addNameTag [ 'bower', 'latest' ]
43 silly mapToRegistry name bower
44 silly mapToRegistry using default registry
45 silly mapToRegistry registry https://registry.npmjs.org/
46 silly mapToRegistry uri https://registry.npmjs.org/bower
47 verbose addNameTag registry:https://registry.npmjs.org/bower not in flight; fetching
48 verbose get https://registry.npmjs.org/bower not expired, no request
49 silly addNameTag next cb for bower with tag latest
50 silly addNamed bower@1.8.4
51 verbose addNamed "1.8.4" is a plain semver version for bower
52 silly mapToRegistry name bower
53 silly mapToRegistry using default registry
54 silly mapToRegistry registry https://registry.npmjs.org/
55 silly mapToRegistry uri https://registry.npmjs.org/bower
56 verbose addRemoteTarball https://registry.npmjs.org/bower/-/bower-1.8.4.tgz not in flight; adding
57 verbose addRemoteTarball [ 'https://registry.npmjs.org/bower/-/bower-1.8.4.tgz',
57 verbose addRemoteTarball   'e7876a076deb8137f7d06525dc5e8c66db82f28a' ]
58 info retry fetch attempt 1 at 1:41:42 PM
59 info attempt registry request try #1 at 1:41:42 PM
60 http fetch GET https://registry.npmjs.org/bower/-/bower-1.8.4.tgz
61 http fetch 200 https://registry.npmjs.org/bower/-/bower-1.8.4.tgz
62 silly fetchAndShaCheck shasum e7876a076deb8137f7d06525dc5e8c66db82f28a
63 verbose addTmpTarball /tmp/npm-8897-2dca002f/registry.npmjs.org/bower/-/bower-1.8.4.tgz not in flight; adding
64 verbose addTmpTarball already have metadata; skipping unpack for bower@1.8.4
65 silly cache afterAdd bower@1.8.4
66 verbose afterAdd /home/alvaro/.npm/bower/1.8.4/package/package.json not in flight; writing
67 verbose afterAdd /home/alvaro/.npm/bower/1.8.4/package/package.json written
68 silly loadAllDepsIntoIdealTree Finishing
69 silly idealTree:prePrune lib
69 silly idealTree:prePrune └── bower@1.8.4
70 silly loadIdealTree Finishing
71 silly currentTree lib
71 silly currentTree └── bower@1.8.2
72 silly idealTree lib
72 silly idealTree └── bower@1.8.4
73 silly generateActionsToTake Starting
74 silly install generateActionsToTake
75 warn checkPermissions Missing write access to /usr/local/lib/node_modules/bower
76 warn checkPermissions Missing write access to /usr/local/lib/node_modules
77 silly rollbackFailedOptional Starting
78 silly rollbackFailedOptional Finishing
79 silly runTopLevelLifecycles Starting
80 silly runTopLevelLifecycles Finishing
81 silly install printInstalled
82 verbose stack Error: EACCES: permission denied, access '/usr/local/lib/node_modules/bower'
82 verbose stack     at Error (native)
83 verbose cwd /home/alvaro/projects/avio/avio-msp-dashboard/src
84 error Linux 4.13.0-36-generic
85 error argv "/usr/bin/node" "/usr/bin/npm" "i" "-g" "bower"
86 error node v6.11.4
87 error npm  v3.5.2
88 error path /usr/local/lib/node_modules/bower
89 error code EACCES
90 error errno -13
91 error syscall access
92 error Error: EACCES: permission denied, access '/usr/local/lib/node_modules/bower'
92 error     at Error (native)
92 error  { Error: EACCES: permission denied, access '/usr/local/lib/node_modules/bower'
92 error     at Error (native)
92 error   errno: -13,
92 error   code: 'EACCES',
92 error   syscall: 'access',
92 error   path: '/usr/local/lib/node_modules/bower' }
93 error Please try running this command again as root/Administrator.
94 verbose exit [ -13, true ]
